Looking for git in: git
Using git 2.17.1 from git
> git rev-parse --show-toplevel
fatal: not a git repository (or any parent up to mount point /)
Stopping at filesystem boundary (GIT_DISCOVERY_ACROSS_FILESYSTEM not set).
> git rev-parse --show-toplevel
> git rev-parse --git-dir
> git config --get commit.template
Open repository: /home/worm/Desktop/ASU/CSE 515/MWDB-Project
> git status -z -u
> git symbolic-ref --short HEAD
> git rev-parse abhishek
> git rev-parse --symbolic-full-name abhishek@{u}
> git rev-list --left-right abhishek...refs/remotes/origin/abhishek
> git for-each-ref --format %(refname) %(objectname) --sort -committerdate
> git remote --verbose
> git rev-parse --show-toplevel
> git show :src/task2.py
fatal: not a git repository (or any parent up to mount point /)
Stopping at filesystem boundary (GIT_DISCOVERY_ACROSS_FILESYSTEM not set).
> git rev-parse --show-toplevel
> git check-ignore -v -z --stdin
fatal: not a git repository (or any parent up to mount point /)
Stopping at filesystem boundary (GIT_DISCOVERY_ACROSS_FILESYSTEM not set).
> git rev-parse --show-toplevel
> git ls-files --stage -- src/
fatal: not a git repository (or any parent up to mount point /)
Stopping at filesystem boundary (GIT_DISCOVERY_ACROSS_FILESYSTEM not set).
> git rev-parse --show-toplevel
fatal: not a git repository (or any parent up to mount point /)
Stopping at filesystem boundary (GIT_DISCOVERY_ACROSS_FILESYSTEM not set).
> git rev-parse --show-toplevel
fatal: not a git repository (or any parent up to mount point /)
Stopping at filesystem boundary (GIT_DISCOVERY_ACROSS_FILESYSTEM not set).
> git rev-parse --show-toplevel
fatal: not a git repository (or any parent up to mount point /)
Stopping at filesystem boundary (GIT_DISCOVERY_ACROSS_FILESYSTEM not set).
> git rev-parse --show-toplevel
> git rev-parse --show-toplevel
> git rev-parse --show-toplevel
> git rev-parse --show-toplevel
fatal: not a git repository (or any parent up to mount point /)
Stopping at filesystem boundary (GIT_DISCOVERY_ACROSS_FILESYSTEM not set).
> git check-ignore -v -z --stdin
> git show :src/dimReduction/dimRedHelper.py
> git show :src/dimReduction/LDA.py
> git show :src/task2.py
> git ls-files --stage -- src/
> git show :src/dimReduction/dimRedHelper.py
> git show :src/dimReduction/LDA.py
> git show :src/dimReduction/dimRedHelper.py
> git show :src/dimReduction/LDA.py
> git show :src/dimReduction/dimRedHelper.py
> git show :src/task2.py
> git ls-files --stage -- src/
> git show :src/dimReduction/dimRedHelper.py
> git show :src/task2.py
> git ls-files --stage -- src/
> git show :src/dimReduction/dimRedHelper.py
> git show :src/task2.py
> git ls-files --stage -- src/
> git show :src/dimReduction/dimRedHelper.py
> git checkout -q abhishek
> git status -z -u
> git symbolic-ref --short HEAD
> git rev-parse abhishek
> git rev-parse --symbolic-full-name abhishek@{u}
> git rev-list --left-right abhishek...refs/remotes/origin/abhishek
> git for-each-ref --format %(refname) %(objectname) --sort -committerdate
> git remote --verbose
> git show :src/dimReduction/dimRedHelper.py
> git show :src/task2.py
> git ls-files --stage -- src/
> git show :src/dimReduction/LDA.py
> git show :src/dimReduction/dimRedHelper.py
> git show :src/dimReduction/LDA.py
> git show :src/dimReduction/PCA.py
> git show :src/dimReduction/SVD.py
> git show :src/dimReduction/NMF.py
> git check-ignore -v -z --stdin
> git show :src/models/HOG.py
> git show :src/models/LBP.py
> git show :src/dimReduction/dimRedHelper.py
> git show :src/task2.py
> git ls-files --stage -- src/
> git show :src/dimReduction/dimRedHelper.py
> git show :src/task2.py
> git ls-files --stage -- src/
> git show :src/dimReduction/dimRedHelper.py
> git show :src/task2.py
> git ls-files --stage -- src/
> git show :src/dimReduction/dimRedHelper.py
> git show :src/dimReduction/LDA.py
> git show :src/dimReduction/__init__.py
> git show :src/dimReduction/LDA.py
> git show :src/dimReduction/dimRedHelper.py
> git show :src/task2.py
> git ls-files --stage -- src/
> git show :src/dimReduction/dimRedHelper.py
> git show :src/task2.py
> git ls-files --stage -- src/
> git rev-parse --show-toplevel
fatal: not a git repository (or any of the parent directories): .git
> git rev-parse --show-toplevel
fatal: not a git repository (or any of the parent directories): .git
> git show :src/task2.py
> git ls-files --stage -- src/
